{"/Users/chong/Documents/Workspace/myblog/index.js":{"path":"/Users/chong/Documents/Workspace/myblog/index.js","s":{"1":1,"2":1,"3":1,"4":1,"5":1,"6":1,"7":1,"8":1,"9":1,"10":1,"11":1,"12":1,"13":1,"14":1,"15":1,"16":1,"17":1,"18":1,"19":1,"20":0,"21":0,"22":0,"23":0,"24":1,"25":1,"26":1,"27":1,"28":0,"29":1,"30":1,"31":0,"32":0},"b":{"1":[1,0]},"f":{"1":0,"2":0,"3":0},"fnMap":{"1":{"name":"(anonymous_1)","line":49,"loc":{"start":{"line":49,"column":8},"end":{"line":49,"column":34}}},"2":{"name":"(anonymous_2)","line":84,"loc":{"start":{"line":84,"column":8},"end":{"line":84,"column":39}}},"3":{"name":"(anonymous_3)","line":95,"loc":{"start":{"line":95,"column":28},"end":{"line":95,"column":40}}}},"statementMap":{"1":{"start":{"line":1,"column":0},"end":{"line":1,"column":27}},"2":{"start":{"line":2,"column":0},"end":{"line":2,"column":33}},"3":{"start":{"line":3,"column":0},"end":{"line":3,"column":41}},"4":{"start":{"line":4,"column":0},"end":{"line":4,"column":51}},"5":{"start":{"line":5,"column":0},"end":{"line":5,"column":37}},"6":{"start":{"line":6,"column":0},"end":{"line":6,"column":36}},"7":{"start":{"line":7,"column":0},"end":{"line":7,"column":33}},"8":{"start":{"line":8,"column":0},"end":{"line":8,"column":31}},"9":{"start":{"line":9,"column":0},"end":{"line":9,"column":33}},"10":{"start":{"line":10,"column":0},"end":{"line":10,"column":48}},"11":{"start":{"line":12,"column":0},"end":{"line":12,"column":20}},"12":{"start":{"line":15,"column":0},"end":{"line":15,"column":48}},"13":{"start":{"line":17,"column":0},"end":{"line":17,"column":30}},"14":{"start":{"line":20,"column":0},"end":{"line":20,"column":56}},"15":{"start":{"line":22,"column":0},"end":{"line":33,"column":4}},"16":{"start":{"line":35,"column":0},"end":{"line":35,"column":17}},"17":{"start":{"line":37,"column":0},"end":{"line":40,"column":4}},"18":{"start":{"line":43,"column":0},"end":{"line":46,"column":2}},"19":{"start":{"line":49,"column":0},"end":{"line":54,"column":3}},"20":{"start":{"line":50,"column":4},"end":{"line":50,"column":39}},"21":{"start":{"line":51,"column":4},"end":{"line":51,"column":57}},"22":{"start":{"line":52,"column":4},"end":{"line":52,"column":53}},"23":{"start":{"line":53,"column":4},"end":{"line":53,"column":11}},"24":{"start":{"line":57,"column":0},"end":{"line":67,"column":4}},"25":{"start":{"line":69,"column":0},"end":{"line":69,"column":12}},"26":{"start":{"line":71,"column":0},"end":{"line":81,"column":4}},"27":{"start":{"line":84,"column":0},"end":{"line":88,"column":3}},"28":{"start":{"line":85,"column":4},"end":{"line":87,"column":7}},"29":{"start":{"line":91,"column":0},"end":{"line":98,"column":1}},"30":{"start":{"line":92,"column":4},"end":{"line":92,"column":25}},"31":{"start":{"line":95,"column":4},"end":{"line":97,"column":7}},"32":{"start":{"line":96,"column":8},"end":{"line":96,"column":64}}},"branchMap":{"1":{"line":91,"type":"if","locations":[{"start":{"line":91,"column":0},"end":{"line":91,"column":0}},{"start":{"line":91,"column":0},"end":{"line":91,"column":0}}]}}},"/Users/chong/Documents/Workspace/myblog/config/default.js":{"path":"/Users/chong/Documents/Workspace/myblog/config/default.js","s":{"1":1},"b":{},"f":{},"fnMap":{},"statementMap":{"1":{"start":{"line":1,"column":0},"end":{"line":9,"column":2}}},"branchMap":{}},"/Users/chong/Documents/Workspace/myblog/routes/index.js":{"path":"/Users/chong/Documents/Workspace/myblog/routes/index.js","s":{"1":1,"2":1,"3":0,"4":1,"5":1,"6":1,"7":1,"8":1,"9":0,"10":0},"b":{"1":[0,0]},"f":{"1":1,"2":0,"3":0},"fnMap":{"1":{"name":"(anonymous_1)","line":1,"loc":{"start":{"line":1,"column":17},"end":{"line":1,"column":32}}},"2":{"name":"(anonymous_2)","line":2,"loc":{"start":{"line":2,"column":16},"end":{"line":2,"column":35}}},"3":{"name":"(anonymous_3)","line":9,"loc":{"start":{"line":9,"column":12},"end":{"line":9,"column":31}}}},"statementMap":{"1":{"start":{"line":1,"column":0},"end":{"line":14,"column":2}},"2":{"start":{"line":2,"column":4},"end":{"line":4,"column":7}},"3":{"start":{"line":3,"column":8},"end":{"line":3,"column":31}},"4":{"start":{"line":5,"column":4},"end":{"line":5,"column":43}},"5":{"start":{"line":6,"column":4},"end":{"line":6,"column":43}},"6":{"start":{"line":7,"column":4},"end":{"line":7,"column":45}},"7":{"start":{"line":8,"column":4},"end":{"line":8,"column":41}},"8":{"start":{"line":9,"column":4},"end":{"line":13,"column":7}},"9":{"start":{"line":10,"column":8},"end":{"line":12,"column":9}},"10":{"start":{"line":11,"column":12},"end":{"line":11,"column":30}}},"branchMap":{"1":{"line":10,"type":"if","locations":[{"start":{"line":10,"column":8},"end":{"line":10,"column":8}},{"start":{"line":10,"column":8},"end":{"line":10,"column":8}}]}}},"/Users/chong/Documents/Workspace/myblog/routes/signup.js":{"path":"/Users/chong/Documents/Workspace/myblog/routes/signup.js","s":{"1":1,"2":1,"3":1,"4":1,"5":1,"6":1,"7":1,"8":1,"9":1,"10":0,"11":1,"12":0,"13":0,"14":0,"15":0,"16":0,"17":0,"18":0,"19":0,"20":0,"21":0,"22":0,"23":0,"24":0,"25":0,"26":0,"27":0,"28":0,"29":0,"30":0,"31":0,"32":0,"33":0,"34":0,"35":0,"36":0,"37":0,"38":0,"39":0,"40":0,"41":0,"42":0,"43":0,"44":0,"45":0,"46":0,"47":1},"b":{"1":[0,0],"2":[0,0],"3":[0,0],"4":[0,0],"5":[0,0],"6":[0,0],"7":[0,0],"8":[0,0],"9":[0,0]},"f":{"1":0,"2":0,"3":0,"4":0},"fnMap":{"1":{"name":"(anonymous_1)","line":12,"loc":{"start":{"line":12,"column":31},"end":{"line":12,"column":56}}},"2":{"name":"(anonymous_2)","line":17,"loc":{"start":{"line":17,"column":32},"end":{"line":17,"column":57}}},"3":{"name":"(anonymous_3)","line":65,"loc":{"start":{"line":65,"column":14},"end":{"line":65,"column":32}}},"4":{"name":"(anonymous_4)","line":76,"loc":{"start":{"line":76,"column":15},"end":{"line":76,"column":28}}}},"statementMap":{"1":{"start":{"line":1,"column":0},"end":{"line":1,"column":23}},"2":{"start":{"line":2,"column":0},"end":{"line":2,"column":27}},"3":{"start":{"line":3,"column":0},"end":{"line":3,"column":27}},"4":{"start":{"line":4,"column":0},"end":{"line":4,"column":33}},"5":{"start":{"line":5,"column":0},"end":{"line":5,"column":30}},"6":{"start":{"line":7,"column":0},"end":{"line":7,"column":43}},"7":{"start":{"line":8,"column":0},"end":{"line":8,"column":66}},"8":{"start":{"line":9,"column":0},"end":{"line":9,"column":23}},"9":{"start":{"line":12,"column":0},"end":{"line":14,"column":3}},"10":{"start":{"line":13,"column":4},"end":{"line":13,"column":25}},"11":{"start":{"line":17,"column":0},"end":{"line":86,"column":3}},"12":{"start":{"line":18,"column":4},"end":{"line":18,"column":31}},"13":{"start":{"line":19,"column":4},"end":{"line":19,"column":35}},"14":{"start":{"line":20,"column":4},"end":{"line":20,"column":29}},"15":{"start":{"line":21,"column":4},"end":{"line":21,"column":61}},"16":{"start":{"line":22,"column":4},"end":{"line":22,"column":39}},"17":{"start":{"line":23,"column":4},"end":{"line":23,"column":43}},"18":{"start":{"line":26,"column":4},"end":{"line":50,"column":5}},"19":{"start":{"line":27,"column":8},"end":{"line":29,"column":9}},"20":{"start":{"line":28,"column":12},"end":{"line":28,"column":47}},"21":{"start":{"line":30,"column":8},"end":{"line":32,"column":9}},"22":{"start":{"line":31,"column":12},"end":{"line":31,"column":45}},"23":{"start":{"line":33,"column":8},"end":{"line":35,"column":9}},"24":{"start":{"line":34,"column":12},"end":{"line":34,"column":49}},"25":{"start":{"line":36,"column":8},"end":{"line":38,"column":9}},"26":{"start":{"line":37,"column":12},"end":{"line":37,"column":36}},"27":{"start":{"line":39,"column":8},"end":{"line":41,"column":9}},"28":{"start":{"line":40,"column":12},"end":{"line":40,"column":42}},"29":{"start":{"line":42,"column":8},"end":{"line":44,"column":9}},"30":{"start":{"line":43,"column":12},"end":{"line":43,"column":41}},"31":{"start":{"line":47,"column":8},"end":{"line":47,"column":41}},"32":{"start":{"line":48,"column":8},"end":{"line":48,"column":38}},"33":{"start":{"line":49,"column":8},"end":{"line":49,"column":39}},"34":{"start":{"line":53,"column":4},"end":{"line":53,"column":30}},"35":{"start":{"line":56,"column":4},"end":{"line":62,"column":6}},"36":{"start":{"line":64,"column":4},"end":{"line":85,"column":11}},"37":{"start":{"line":67,"column":12},"end":{"line":67,"column":33}},"38":{"start":{"line":69,"column":12},"end":{"line":69,"column":33}},"39":{"start":{"line":70,"column":12},"end":{"line":70,"column":36}},"40":{"start":{"line":72,"column":12},"end":{"line":72,"column":41}},"41":{"start":{"line":74,"column":12},"end":{"line":74,"column":35}},"42":{"start":{"line":78,"column":12},"end":{"line":78,"column":45}},"43":{"start":{"line":80,"column":12},"end":{"line":83,"column":13}},"44":{"start":{"line":81,"column":16},"end":{"line":81,"column":46}},"45":{"start":{"line":82,"column":16},"end":{"line":82,"column":47}},"46":{"start":{"line":84,"column":12},"end":{"line":84,"column":20}},"47":{"start":{"line":88,"column":0},"end":{"line":88,"column":24}}},"branchMap":{"1":{"line":27,"type":"if","locations":[{"start":{"line":27,"column":8},"end":{"line":27,"column":8}},{"start":{"line":27,"column":8},"end":{"line":27,"column":8}}]},"2":{"line":27,"type":"binary-expr","locations":[{"start":{"line":27,"column":14},"end":{"line":27,"column":30}},{"start":{"line":27,"column":34},"end":{"line":27,"column":51}}]},"3":{"line":30,"type":"if","locations":[{"start":{"line":30,"column":8},"end":{"line":30,"column":8}},{"start":{"line":30,"column":8},"end":{"line":30,"column":8}}]},"4":{"line":33,"type":"if","locations":[{"start":{"line":33,"column":8},"end":{"line":33,"column":8}},{"start":{"line":33,"column":8},"end":{"line":33,"column":8}}]},"5":{"line":33,"type":"binary-expr","locations":[{"start":{"line":33,"column":14},"end":{"line":33,"column":29}},{"start":{"line":33,"column":33},"end":{"line":33,"column":49}}]},"6":{"line":36,"type":"if","locations":[{"start":{"line":36,"column":8},"end":{"line":36,"column":8}},{"start":{"line":36,"column":8},"end":{"line":36,"column":8}}]},"7":{"line":39,"type":"if","locations":[{"start":{"line":39,"column":8},"end":{"line":39,"column":8}},{"start":{"line":39,"column":8},"end":{"line":39,"column":8}}]},"8":{"line":42,"type":"if","locations":[{"start":{"line":42,"column":8},"end":{"line":42,"column":8}},{"start":{"line":42,"column":8},"end":{"line":42,"column":8}}]},"9":{"line":80,"type":"if","locations":[{"start":{"line":80,"column":12},"end":{"line":80,"column":12}},{"start":{"line":80,"column":12},"end":{"line":80,"column":12}}]}}},"/Users/chong/Documents/Workspace/myblog/models/users.js":{"path":"/Users/chong/Documents/Workspace/myblog/models/users.js","s":{"1":1,"2":1,"3":0,"4":0},"b":{},"f":{"1":0,"2":0},"fnMap":{"1":{"name":"create","line":5,"loc":{"start":{"line":5,"column":11},"end":{"line":5,"column":33}}},"2":{"name":"getUserByName","line":9,"loc":{"start":{"line":9,"column":19},"end":{"line":9,"column":48}}}},"statementMap":{"1":{"start":{"line":1,"column":0},"end":{"line":1,"column":40}},"2":{"start":{"line":3,"column":0},"end":{"line":12,"column":2}},"3":{"start":{"line":6,"column":8},"end":{"line":6,"column":40}},"4":{"start":{"line":10,"column":8},"end":{"line":10,"column":66}}},"branchMap":{}},"/Users/chong/Documents/Workspace/myblog/lib/mongo.js":{"path":"/Users/chong/Documents/Workspace/myblog/lib/mongo.js","s":{"1":1,"2":1,"3":1,"4":1,"5":1,"6":1,"7":1,"8":0,"9":0,"10":0,"11":0,"12":0,"13":0,"14":1,"15":1,"16":1,"17":1,"18":1,"19":1,"20":1},"b":{"1":[0,0]},"f":{"1":0,"2":0,"3":0},"fnMap":{"1":{"name":"(anonymous_1)","line":11,"loc":{"start":{"line":11,"column":15},"end":{"line":11,"column":34}}},"2":{"name":"(anonymous_2)","line":12,"loc":{"start":{"line":12,"column":24},"end":{"line":12,"column":40}}},"3":{"name":"(anonymous_3)","line":17,"loc":{"start":{"line":17,"column":18},"end":{"line":17,"column":36}}}},"statementMap":{"1":{"start":{"line":1,"column":0},"end":{"line":1,"column":36}},"2":{"start":{"line":2,"column":0},"end":{"line":2,"column":37}},"3":{"start":{"line":3,"column":0},"end":{"line":3,"column":32}},"4":{"start":{"line":4,"column":0},"end":{"line":4,"column":34}},"5":{"start":{"line":6,"column":0},"end":{"line":6,"column":31}},"6":{"start":{"line":7,"column":0},"end":{"line":7,"column":59}},"7":{"start":{"line":10,"column":0},"end":{"line":23,"column":3}},"8":{"start":{"line":12,"column":8},"end":{"line":14,"column":11}},"9":{"start":{"line":13,"column":12},"end":{"line":13,"column":95}},"10":{"start":{"line":15,"column":8},"end":{"line":15,"column":23}},"11":{"start":{"line":18,"column":8},"end":{"line":20,"column":9}},"12":{"start":{"line":19,"column":12},"end":{"line":19,"column":99}},"13":{"start":{"line":21,"column":8},"end":{"line":21,"column":22}},"14":{"start":{"line":25,"column":0},"end":{"line":31,"column":3}},"15":{"start":{"line":32,"column":0},"end":{"line":32,"column":50}},"16":{"start":{"line":34,"column":0},"end":{"line":39,"column":3}},"17":{"start":{"line":40,"column":0},"end":{"line":40,"column":50}},"18":{"start":{"line":43,"column":0},"end":{"line":47,"column":3}},"19":{"start":{"line":48,"column":0},"end":{"line":48,"column":52}},"20":{"start":{"line":49,"column":0},"end":{"line":49,"column":52}}},"branchMap":{"1":{"line":18,"type":"if","locations":[{"start":{"line":18,"column":8},"end":{"line":18,"column":8}},{"start":{"line":18,"column":8},"end":{"line":18,"column":8}}]}}},"/Users/chong/Documents/Workspace/myblog/middlewares/check.js":{"path":"/Users/chong/Documents/Workspace/myblog/middlewares/check.js","s":{"1":1,"2":0,"3":0,"4":0,"5":0,"6":0,"7":0,"8":0,"9":0},"b":{"1":[0,0],"2":[0,0]},"f":{"1":0,"2":0},"fnMap":{"1":{"name":"checkLogin","line":2,"loc":{"start":{"line":2,"column":15},"end":{"line":2,"column":49}}},"2":{"name":"checkNotLogin","line":9,"loc":{"start":{"line":9,"column":18},"end":{"line":9,"column":55}}}},"statementMap":{"1":{"start":{"line":1,"column":0},"end":{"line":16,"column":2}},"2":{"start":{"line":3,"column":8},"end":{"line":6,"column":9}},"3":{"start":{"line":4,"column":12},"end":{"line":4,"column":37}},"4":{"start":{"line":5,"column":12},"end":{"line":5,"column":43}},"5":{"start":{"line":7,"column":8},"end":{"line":7,"column":15}},"6":{"start":{"line":10,"column":8},"end":{"line":13,"column":9}},"7":{"start":{"line":11,"column":12},"end":{"line":11,"column":37}},"8":{"start":{"line":12,"column":12},"end":{"line":12,"column":40}},"9":{"start":{"line":14,"column":8},"end":{"line":14,"column":15}}},"branchMap":{"1":{"line":3,"type":"if","locations":[{"start":{"line":3,"column":8},"end":{"line":3,"column":8}},{"start":{"line":3,"column":8},"end":{"line":3,"column":8}}]},"2":{"line":10,"type":"if","locations":[{"start":{"line":10,"column":8},"end":{"line":10,"column":8}},{"start":{"line":10,"column":8},"end":{"line":10,"column":8}}]}}},"/Users/chong/Documents/Workspace/myblog/routes/signin.js":{"path":"/Users/chong/Documents/Workspace/myblog/routes/signin.js","s":{"1":1,"2":1,"3":1,"4":1,"5":1,"6":1,"7":0,"8":1,"9":0,"10":0,"11":0,"12":0,"13":0,"14":0,"15":0,"16":0,"17":0,"18":0,"19":0,"20":0,"21":0,"22":1},"b":{"1":[0,0],"2":[0,0]},"f":{"1":0,"2":0,"3":0},"fnMap":{"1":{"name":"(anonymous_1)","line":8,"loc":{"start":{"line":8,"column":29},"end":{"line":8,"column":53}}},"2":{"name":"(anonymous_2)","line":13,"loc":{"start":{"line":13,"column":30},"end":{"line":13,"column":54}}},"3":{"name":"(anonymous_3)","line":19,"loc":{"start":{"line":19,"column":14},"end":{"line":19,"column":30}}}},"statementMap":{"1":{"start":{"line":1,"column":0},"end":{"line":1,"column":27}},"2":{"start":{"line":2,"column":0},"end":{"line":2,"column":34}},"3":{"start":{"line":3,"column":0},"end":{"line":3,"column":30}},"4":{"start":{"line":5,"column":0},"end":{"line":5,"column":43}},"5":{"start":{"line":6,"column":0},"end":{"line":6,"column":66}},"6":{"start":{"line":8,"column":0},"end":{"line":11,"column":3}},"7":{"start":{"line":10,"column":4},"end":{"line":10,"column":25}},"8":{"start":{"line":13,"column":0},"end":{"line":37,"column":3}},"9":{"start":{"line":15,"column":4},"end":{"line":15,"column":31}},"10":{"start":{"line":16,"column":4},"end":{"line":16,"column":39}},"11":{"start":{"line":18,"column":4},"end":{"line":36,"column":21}},"12":{"start":{"line":20,"column":12},"end":{"line":23,"column":13}},"13":{"start":{"line":21,"column":16},"end":{"line":21,"column":44}},"14":{"start":{"line":22,"column":16},"end":{"line":22,"column":44}},"15":{"start":{"line":25,"column":12},"end":{"line":28,"column":13}},"16":{"start":{"line":26,"column":16},"end":{"line":26,"column":47}},"17":{"start":{"line":27,"column":16},"end":{"line":27,"column":44}},"18":{"start":{"line":29,"column":12},"end":{"line":29,"column":41}},"19":{"start":{"line":31,"column":12},"end":{"line":31,"column":33}},"20":{"start":{"line":32,"column":12},"end":{"line":32,"column":36}},"21":{"start":{"line":34,"column":12},"end":{"line":34,"column":35}},"22":{"start":{"line":39,"column":0},"end":{"line":39,"column":24}}},"branchMap":{"1":{"line":20,"type":"if","locations":[{"start":{"line":20,"column":12},"end":{"line":20,"column":12}},{"start":{"line":20,"column":12},"end":{"line":20,"column":12}}]},"2":{"line":25,"type":"if","locations":[{"start":{"line":25,"column":12},"end":{"line":25,"column":12}},{"start":{"line":25,"column":12},"end":{"line":25,"column":12}}]}}},"/Users/chong/Documents/Workspace/myblog/routes/signout.js":{"path":"/Users/chong/Documents/Workspace/myblog/routes/signout.js","s":{"1":1,"2":1,"3":1,"4":1,"5":0,"6":0,"7":0,"8":1},"b":{},"f":{"1":0},"fnMap":{"1":{"name":"(anonymous_1)","line":6,"loc":{"start":{"line":6,"column":26},"end":{"line":6,"column":50}}}},"statementMap":{"1":{"start":{"line":1,"column":0},"end":{"line":1,"column":33}},"2":{"start":{"line":2,"column":0},"end":{"line":2,"column":30}},"3":{"start":{"line":4,"column":0},"end":{"line":4,"column":60}},"4":{"start":{"line":6,"column":0},"end":{"line":11,"column":3}},"5":{"start":{"line":8,"column":4},"end":{"line":8,"column":28}},"6":{"start":{"line":9,"column":4},"end":{"line":9,"column":33}},"7":{"start":{"line":10,"column":4},"end":{"line":10,"column":27}},"8":{"start":{"line":13,"column":0},"end":{"line":13,"column":24}}},"branchMap":{}},"/Users/chong/Documents/Workspace/myblog/routes/posts.js":{"path":"/Users/chong/Documents/Workspace/myblog/routes/posts.js","s":{"1":1,"2":1,"3":1,"4":1,"5":1,"6":1,"7":0,"8":0,"9":0,"10":1,"11":0,"12":0,"13":0,"14":0,"15":0,"16":0,"17":0,"18":0,"19":0,"20":0,"21":0,"22":0,"23":0,"24":0,"25":0,"26":1,"27":0,"28":1,"29":0,"30":0,"31":0,"32":0,"33":0,"34":0,"35":0,"36":1,"37":0,"38":0,"39":0,"40":0,"41":0,"42":0,"43":0,"44":0,"45":1,"46":0,"47":0,"48":0,"49":0,"50":0,"51":0,"52":0,"53":1,"54":0,"55":0,"56":0,"57":0,"58":0,"59":1,"60":0,"61":0,"62":0,"63":0,"64":0,"65":0,"66":0,"67":0,"68":0,"69":0,"70":0,"71":0,"72":1,"73":0,"74":0,"75":0,"76":0,"77":0,"78":1},"b":{"1":[0,0],"2":[0,0],"3":[0,0],"4":[0,0],"5":[0,0],"6":[0,0]},"f":{"1":0,"2":0,"3":0,"4":0,"5":0,"6":0,"7":0,"8":0,"9":0,"10":0,"11":0,"12":0,"13":0,"14":0,"15":0,"16":0,"17":0},"fnMap":{"1":{"name":"(anonymous_1)","line":10,"loc":{"start":{"line":10,"column":16},"end":{"line":10,"column":41}}},"2":{"name":"(anonymous_2)","line":16,"loc":{"start":{"line":16,"column":14},"end":{"line":16,"column":31}}},"3":{"name":"(anonymous_3)","line":25,"loc":{"start":{"line":25,"column":29},"end":{"line":25,"column":54}}},"4":{"name":"(anonymous_4)","line":52,"loc":{"start":{"line":52,"column":14},"end":{"line":52,"column":32}}},"5":{"name":"(anonymous_5)","line":63,"loc":{"start":{"line":63,"column":34},"end":{"line":63,"column":59}}},"6":{"name":"(anonymous_6)","line":69,"loc":{"start":{"line":69,"column":23},"end":{"line":69,"column":48}}},"7":{"name":"(anonymous_7)","line":77,"loc":{"start":{"line":77,"column":14},"end":{"line":77,"column":32}}},"8":{"name":"(anonymous_8)","line":93,"loc":{"start":{"line":93,"column":40},"end":{"line":93,"column":65}}},"9":{"name":"(anonymous_9)","line":98,"loc":{"start":{"line":98,"column":14},"end":{"line":98,"column":30}}},"10":{"name":"(anonymous_10)","line":113,"loc":{"start":{"line":113,"column":41},"end":{"line":113,"column":66}}},"11":{"name":"(anonymous_11)","line":120,"loc":{"start":{"line":120,"column":14},"end":{"line":120,"column":26}}},"12":{"name":"(anonymous_12)","line":129,"loc":{"start":{"line":129,"column":42},"end":{"line":129,"column":67}}},"13":{"name":"(anonymous_13)","line":134,"loc":{"start":{"line":134,"column":14},"end":{"line":134,"column":26}}},"14":{"name":"(anonymous_14)","line":143,"loc":{"start":{"line":143,"column":44},"end":{"line":143,"column":69}}},"15":{"name":"(anonymous_15)","line":164,"loc":{"start":{"line":164,"column":14},"end":{"line":164,"column":26}}},"16":{"name":"(anonymous_16)","line":173,"loc":{"start":{"line":173,"column":61},"end":{"line":173,"column":86}}},"17":{"name":"(anonymous_17)","line":178,"loc":{"start":{"line":178,"column":14},"end":{"line":178,"column":26}}}},"statementMap":{"1":{"start":{"line":1,"column":0},"end":{"line":1,"column":43}},"2":{"start":{"line":2,"column":0},"end":{"line":2,"column":49}},"3":{"start":{"line":3,"column":0},"end":{"line":3,"column":33}},"4":{"start":{"line":4,"column":0},"end":{"line":4,"column":30}},"5":{"start":{"line":6,"column":0},"end":{"line":6,"column":60}},"6":{"start":{"line":10,"column":0},"end":{"line":22,"column":3}},"7":{"start":{"line":13,"column":4},"end":{"line":13,"column":34}},"8":{"start":{"line":15,"column":4},"end":{"line":21,"column":21}},"9":{"start":{"line":17,"column":12},"end":{"line":19,"column":15}},"10":{"start":{"line":25,"column":0},"end":{"line":60,"column":3}},"11":{"start":{"line":27,"column":4},"end":{"line":27,"column":38}},"12":{"start":{"line":28,"column":4},"end":{"line":28,"column":33}},"13":{"start":{"line":29,"column":4},"end":{"line":29,"column":37}},"14":{"start":{"line":32,"column":4},"end":{"line":42,"column":5}},"15":{"start":{"line":33,"column":8},"end":{"line":35,"column":9}},"16":{"start":{"line":34,"column":12},"end":{"line":34,"column":37}},"17":{"start":{"line":36,"column":8},"end":{"line":38,"column":9}},"18":{"start":{"line":37,"column":12},"end":{"line":37,"column":37}},"19":{"start":{"line":40,"column":8},"end":{"line":40,"column":38}},"20":{"start":{"line":41,"column":8},"end":{"line":41,"column":36}},"21":{"start":{"line":44,"column":4},"end":{"line":49,"column":6}},"22":{"start":{"line":51,"column":4},"end":{"line":59,"column":21}},"23":{"start":{"line":54,"column":12},"end":{"line":54,"column":33}},"24":{"start":{"line":55,"column":12},"end":{"line":55,"column":41}},"25":{"start":{"line":57,"column":12},"end":{"line":57,"column":45}},"26":{"start":{"line":63,"column":0},"end":{"line":66,"column":3}},"27":{"start":{"line":65,"column":4},"end":{"line":65,"column":25}},"28":{"start":{"line":69,"column":0},"end":{"line":90,"column":3}},"29":{"start":{"line":70,"column":4},"end":{"line":70,"column":35}},"30":{"start":{"line":72,"column":4},"end":{"line":89,"column":21}},"31":{"start":{"line":78,"column":12},"end":{"line":78,"column":33}},"32":{"start":{"line":79,"column":12},"end":{"line":79,"column":37}},"33":{"start":{"line":80,"column":12},"end":{"line":82,"column":13}},"34":{"start":{"line":81,"column":16},"end":{"line":81,"column":42}},"35":{"start":{"line":84,"column":12},"end":{"line":87,"column":15}},"36":{"start":{"line":93,"column":0},"end":{"line":110,"column":3}},"37":{"start":{"line":94,"column":4},"end":{"line":94,"column":35}},"38":{"start":{"line":95,"column":4},"end":{"line":95,"column":38}},"39":{"start":{"line":97,"column":4},"end":{"line":109,"column":21}},"40":{"start":{"line":99,"column":12},"end":{"line":101,"column":13}},"41":{"start":{"line":100,"column":16},"end":{"line":100,"column":42}},"42":{"start":{"line":102,"column":12},"end":{"line":104,"column":13}},"43":{"start":{"line":103,"column":16},"end":{"line":103,"column":40}},"44":{"start":{"line":105,"column":12},"end":{"line":107,"column":15}},"45":{"start":{"line":113,"column":0},"end":{"line":126,"column":3}},"46":{"start":{"line":114,"column":4},"end":{"line":114,"column":35}},"47":{"start":{"line":115,"column":4},"end":{"line":115,"column":38}},"48":{"start":{"line":116,"column":4},"end":{"line":116,"column":33}},"49":{"start":{"line":117,"column":4},"end":{"line":117,"column":37}},"50":{"start":{"line":119,"column":4},"end":{"line":125,"column":21}},"51":{"start":{"line":121,"column":12},"end":{"line":121,"column":43}},"52":{"start":{"line":123,"column":12},"end":{"line":123,"column":43}},"53":{"start":{"line":129,"column":0},"end":{"line":140,"column":3}},"54":{"start":{"line":130,"column":4},"end":{"line":130,"column":35}},"55":{"start":{"line":131,"column":4},"end":{"line":131,"column":38}},"56":{"start":{"line":133,"column":4},"end":{"line":139,"column":21}},"57":{"start":{"line":135,"column":12},"end":{"line":135,"column":43}},"58":{"start":{"line":137,"column":12},"end":{"line":137,"column":35}},"59":{"start":{"line":143,"column":0},"end":{"line":170,"column":3}},"60":{"start":{"line":144,"column":4},"end":{"line":144,"column":38}},"61":{"start":{"line":145,"column":4},"end":{"line":145,"column":35}},"62":{"start":{"line":146,"column":4},"end":{"line":146,"column":37}},"63":{"start":{"line":147,"column":4},"end":{"line":151,"column":6}},"64":{"start":{"line":154,"column":4},"end":{"line":161,"column":5}},"65":{"start":{"line":155,"column":8},"end":{"line":157,"column":9}},"66":{"start":{"line":156,"column":12},"end":{"line":156,"column":39}},"67":{"start":{"line":159,"column":8},"end":{"line":159,"column":38}},"68":{"start":{"line":160,"column":8},"end":{"line":160,"column":36}},"69":{"start":{"line":163,"column":4},"end":{"line":169,"column":21}},"70":{"start":{"line":165,"column":12},"end":{"line":165,"column":41}},"71":{"start":{"line":167,"column":12},"end":{"line":167,"column":33}},"72":{"start":{"line":173,"column":0},"end":{"line":184,"column":3}},"73":{"start":{"line":174,"column":4},"end":{"line":174,"column":41}},"74":{"start":{"line":175,"column":4},"end":{"line":175,"column":38}},"75":{"start":{"line":177,"column":4},"end":{"line":183,"column":21}},"76":{"start":{"line":179,"column":12},"end":{"line":179,"column":43}},"77":{"start":{"line":181,"column":12},"end":{"line":181,"column":33}},"78":{"start":{"line":186,"column":0},"end":{"line":186,"column":24}}},"branchMap":{"1":{"line":33,"type":"if","locations":[{"start":{"line":33,"column":8},"end":{"line":33,"column":8}},{"start":{"line":33,"column":8},"end":{"line":33,"column":8}}]},"2":{"line":36,"type":"if","locations":[{"start":{"line":36,"column":8},"end":{"line":36,"column":8}},{"start":{"line":36,"column":8},"end":{"line":36,"column":8}}]},"3":{"line":80,"type":"if","locations":[{"start":{"line":80,"column":12},"end":{"line":80,"column":12}},{"start":{"line":80,"column":12},"end":{"line":80,"column":12}}]},"4":{"line":99,"type":"if","locations":[{"start":{"line":99,"column":12},"end":{"line":99,"column":12}},{"start":{"line":99,"column":12},"end":{"line":99,"column":12}}]},"5":{"line":102,"type":"if","locations":[{"start":{"line":102,"column":12},"end":{"line":102,"column":12}},{"start":{"line":102,"column":12},"end":{"line":102,"column":12}}]},"6":{"line":155,"type":"if","locations":[{"start":{"line":155,"column":8},"end":{"line":155,"column":8}},{"start":{"line":155,"column":8},"end":{"line":155,"column":8}}]}}},"/Users/chong/Documents/Workspace/myblog/models/posts.js":{"path":"/Users/chong/Documents/Workspace/myblog/models/posts.js","s":{"1":1,"2":1,"3":1,"4":1,"5":0,"6":0,"7":0,"8":0,"9":0,"10":0,"11":0,"12":0,"13":0,"14":1,"15":0,"16":0,"17":0,"18":0,"19":0,"20":0,"21":1,"22":0,"23":0,"24":0,"25":0,"26":0,"27":0,"28":0,"29":0,"30":0,"31":0,"32":0,"33":0},"b":{"1":[0,0],"2":[0,0],"3":[0,0],"4":[0,0],"5":[0,0]},"f":{"1":0,"2":0,"3":0,"4":0,"5":0,"6":0,"7":0,"8":0,"9":0,"10":0,"11":0,"12":0,"13":0,"14":0,"15":0,"16":0},"fnMap":{"1":{"name":"(anonymous_1)","line":7,"loc":{"start":{"line":7,"column":15},"end":{"line":7,"column":32}}},"2":{"name":"(anonymous_2)","line":8,"loc":{"start":{"line":8,"column":37},"end":{"line":8,"column":53}}},"3":{"name":"(anonymous_3)","line":9,"loc":{"start":{"line":9,"column":64},"end":{"line":9,"column":89}}},"4":{"name":"(anonymous_4)","line":15,"loc":{"start":{"line":15,"column":18},"end":{"line":15,"column":34}}},"5":{"name":"(anonymous_5)","line":17,"loc":{"start":{"line":17,"column":64},"end":{"line":17,"column":81}}},"6":{"name":"(anonymous_6)","line":28,"loc":{"start":{"line":28,"column":15},"end":{"line":28,"column":32}}},"7":{"name":"(anonymous_7)","line":29,"loc":{"start":{"line":29,"column":25},"end":{"line":29,"column":41}}},"8":{"name":"(anonymous_8)","line":34,"loc":{"start":{"line":34,"column":18},"end":{"line":34,"column":34}}},"9":{"name":"create","line":44,"loc":{"start":{"line":44,"column":12},"end":{"line":44,"column":34}}},"10":{"name":"getPostById","line":49,"loc":{"start":{"line":49,"column":17},"end":{"line":49,"column":46}}},"11":{"name":"getPosts","line":60,"loc":{"start":{"line":60,"column":14},"end":{"line":60,"column":40}}},"12":{"name":"incPv","line":76,"loc":{"start":{"line":76,"column":11},"end":{"line":76,"column":34}}},"13":{"name":"getRawPostById","line":83,"loc":{"start":{"line":83,"column":20},"end":{"line":83,"column":52}}},"14":{"name":"updatePostById","line":91,"loc":{"start":{"line":91,"column":20},"end":{"line":91,"column":66}}},"15":{"name":"delPostById","line":96,"loc":{"start":{"line":96,"column":17},"end":{"line":96,"column":54}}},"16":{"name":"(anonymous_16)","line":99,"loc":{"start":{"line":99,"column":18},"end":{"line":99,"column":33}}}},"statementMap":{"1":{"start":{"line":1,"column":0},"end":{"line":1,"column":31}},"2":{"start":{"line":2,"column":0},"end":{"line":2,"column":40}},"3":{"start":{"line":3,"column":0},"end":{"line":3,"column":41}},"4":{"start":{"line":6,"column":0},"end":{"line":24,"column":3}},"5":{"start":{"line":8,"column":8},"end":{"line":13,"column":12}},"6":{"start":{"line":9,"column":12},"end":{"line":12,"column":15}},"7":{"start":{"line":10,"column":16},"end":{"line":10,"column":51}},"8":{"start":{"line":11,"column":16},"end":{"line":11,"column":28}},"9":{"start":{"line":16,"column":8},"end":{"line":21,"column":9}},"10":{"start":{"line":17,"column":12},"end":{"line":20,"column":15}},"11":{"start":{"line":18,"column":16},"end":{"line":18,"column":43}},"12":{"start":{"line":19,"column":16},"end":{"line":19,"column":28}},"13":{"start":{"line":22,"column":8},"end":{"line":22,"column":20}},"14":{"start":{"line":27,"column":0},"end":{"line":40,"column":3}},"15":{"start":{"line":29,"column":8},"end":{"line":32,"column":11}},"16":{"start":{"line":30,"column":12},"end":{"line":30,"column":48}},"17":{"start":{"line":31,"column":12},"end":{"line":31,"column":24}},"18":{"start":{"line":35,"column":8},"end":{"line":37,"column":9}},"19":{"start":{"line":36,"column":12},"end":{"line":36,"column":48}},"20":{"start":{"line":38,"column":8},"end":{"line":38,"column":20}},"21":{"start":{"line":42,"column":0},"end":{"line":106,"column":2}},"22":{"start":{"line":45,"column":8},"end":{"line":45,"column":40}},"23":{"start":{"line":50,"column":8},"end":{"line":56,"column":20}},"24":{"start":{"line":61,"column":8},"end":{"line":61,"column":23}},"25":{"start":{"line":62,"column":8},"end":{"line":64,"column":9}},"26":{"start":{"line":63,"column":12},"end":{"line":63,"column":34}},"27":{"start":{"line":65,"column":8},"end":{"line":72,"column":20}},"28":{"start":{"line":77,"column":8},"end":{"line":79,"column":20}},"29":{"start":{"line":84,"column":8},"end":{"line":87,"column":20}},"30":{"start":{"line":92,"column":8},"end":{"line":92,"column":83}},"31":{"start":{"line":97,"column":8},"end":{"line":104,"column":15}},"32":{"start":{"line":101,"column":16},"end":{"line":103,"column":17}},"33":{"start":{"line":102,"column":20},"end":{"line":102,"column":68}}},"branchMap":{"1":{"line":16,"type":"if","locations":[{"start":{"line":16,"column":8},"end":{"line":16,"column":8}},{"start":{"line":16,"column":8},"end":{"line":16,"column":8}}]},"2":{"line":35,"type":"if","locations":[{"start":{"line":35,"column":8},"end":{"line":35,"column":8}},{"start":{"line":35,"column":8},"end":{"line":35,"column":8}}]},"3":{"line":62,"type":"if","locations":[{"start":{"line":62,"column":8},"end":{"line":62,"column":8}},{"start":{"line":62,"column":8},"end":{"line":62,"column":8}}]},"4":{"line":101,"type":"if","locations":[{"start":{"line":101,"column":16},"end":{"line":101,"column":16}},{"start":{"line":101,"column":16},"end":{"line":101,"column":16}}]},"5":{"line":101,"type":"binary-expr","locations":[{"start":{"line":101,"column":20},"end":{"line":101,"column":33}},{"start":{"line":101,"column":37},"end":{"line":101,"column":53}}]}}},"/Users/chong/Documents/Workspace/myblog/models/comments.js":{"path":"/Users/chong/Documents/Workspace/myblog/models/comments.js","s":{"1":1,"2":1,"3":1,"4":0,"5":0,"6":0,"7":1,"8":0,"9":0,"10":0,"11":0,"12":0},"b":{},"f":{"1":0,"2":0,"3":0,"4":0,"5":0,"6":0,"7":0},"fnMap":{"1":{"name":"(anonymous_1)","line":6,"loc":{"start":{"line":6,"column":15},"end":{"line":6,"column":35}}},"2":{"name":"(anonymous_2)","line":7,"loc":{"start":{"line":7,"column":28},"end":{"line":7,"column":47}}},"3":{"name":"create","line":16,"loc":{"start":{"line":16,"column":12},"end":{"line":16,"column":37}}},"4":{"name":"delCommentById","line":21,"loc":{"start":{"line":21,"column":20},"end":{"line":21,"column":63}}},"5":{"name":"delCommentsByPostId","line":26,"loc":{"start":{"line":26,"column":25},"end":{"line":26,"column":62}}},"6":{"name":"getComments","line":31,"loc":{"start":{"line":31,"column":17},"end":{"line":31,"column":46}}},"7":{"name":"getCommentsCount","line":42,"loc":{"start":{"line":42,"column":22},"end":{"line":42,"column":56}}}},"statementMap":{"1":{"start":{"line":1,"column":0},"end":{"line":1,"column":31}},"2":{"start":{"line":2,"column":0},"end":{"line":2,"column":46}},"3":{"start":{"line":5,"column":0},"end":{"line":12,"column":3}},"4":{"start":{"line":7,"column":8},"end":{"line":10,"column":11}},"5":{"start":{"line":8,"column":12},"end":{"line":8,"column":54}},"6":{"start":{"line":9,"column":12},"end":{"line":9,"column":27}},"7":{"start":{"line":14,"column":0},"end":{"line":45,"column":2}},"8":{"start":{"line":17,"column":8},"end":{"line":17,"column":46}},"9":{"start":{"line":22,"column":8},"end":{"line":22,"column":73}},"10":{"start":{"line":27,"column":8},"end":{"line":27,"column":57}},"11":{"start":{"line":32,"column":8},"end":{"line":38,"column":20}},"12":{"start":{"line":43,"column":8},"end":{"line":43,"column":56}}},"branchMap":{}}}